#
# A fatal error has been detected by the Java Runtime Environment:
#
#  EXCEPTION_ACCESS_VIOLATION (0xc0000005) at pc=0x000000007110b5db, pid=3640, tid=0x000000000000093c
#
# JRE version: Java(TM) SE Runtime Environment (8.0_271-b09) (build 1.8.0_271-b09)
# Java VM: Java HotSpot(TM) 64-Bit Server VM (25.271-b09 mixed mode windows-amd64 compressed oops)
# Problematic frame:
# C  [jSSC-2.8_x86_64.dll+0xb5db]
#
# Failed to write core dump. Minidumps are not enabled by default on client versions of Windows
#
# If you would like to submit a bug report, please visit:
#   http://bugreport.java.com/bugreport/crash.jsp
# The crash happened outside the Java Virtual Machine in native code.
# See problematic frame for where to report the bug.
#

---------------  T H R E A D  ---------------

Current thread (0x00000205c1fcf800):  JavaThread "main" [_thread_in_native, id=2364, stack(0x00000085d0c00000,0x00000085d0d00000)]

siginfo: ExceptionCode=0xc0000005, reading address 0xffffffffc21eaeb5

Registers:
RAX=0xffffffffc21eaeb5, RBX=0x00000085d0cfefb0, RCX=0x00007ffa9ea6c194, RDX=0x0000000000000000
RSP=0x00000085d0cfef40, RBP=0x00000085d0cff0c0, RSI=0x00000205c1fcf9f8, RDI=0x0000000000000514
R8 =0x00000085d0cfee38, R9 =0x00000085d0cfef30, R10=0x0000000000000000, R11=0x0000000000000246
R12=0x00000085d0cff170, R13=0x00000205c1fa8740, R14=0x00000085d0cff070, R15=0x00000205c1fcf800
RIP=0x000000007110b5db, EFLAGS=0x0000000000010206

Top of Stack: (sp=0x00000085d0cfef40)
0x00000085d0cfef40:   00000205dee545c0 00000205c1fa8550
0x00000085d0cfef50:   000000007110b230 00000205c1f90000
0x00000085d0cfef60:   00000205c1ef0000 0000000000000004
0x00000085d0cfef70:   00000205c1fcf9f8 0000000000000514
0x00000085d0cfef80:   00000085d0cff0c0 0000000071112590
0x00000085d0cfef90:   00000205c1fcf800 00000085d0cff070
0x00000085d0cfefa0:   00000205c1fa8740 00000085d0cff170
0x00000085d0cfefb0:   00000205c1fa8740 00007ffa9e9e5d21
0x00000085d0cfefc0:   00000085d0cfeff0 00000205c1f90000
0x00000085d0cfefd0:   00000085d0cff0c0 0000000000000000
0x00000085d0cfefe0:   0000000071113500 0000000071113be8
0x00000085d0cfeff0:   00000085d0cff020 0000000071112641
0x00000085d0cff000:   00000085d0cfef90 00000205c1fcf9f8
0x00000085d0cff010:   0000000000000000 0000000000000000
0x00000085d0cff020:   00000085d0cff0c0 0000000071101595
0x00000085d0cff030:   000000000000001c 0000020500000000 

Instructions: (pc=0x000000007110b5db)
0x000000007110b5bb:   c5 0f 1f 40 00 55 57 56 53 48 83 ec 28 48 8b 05
0x000000007110b5cb:   39 33 01 00 48 89 cb 48 85 c0 0f 84 c5 00 00 00
0x000000007110b5db:   8b 38 85 ff 0f 88 ab 00 00 00 48 8b 05 1c 33 01
0x000000007110b5eb:   00 48 85 c0 0f 84 bc 00 00 00 8b 30 85 f6 74 57 


Register to memory mapping:

RAX=0xffffffffc21eaeb5 is an unknown value
RBX=0x00000085d0cfefb0 is pointing into the stack for thread: 0x00000205c1fcf800
RCX=0x00007ffa9ea6c194 is an unknown value
RDX=0x0000000000000000 is an unknown value
RSP=0x00000085d0cfef40 is pointing into the stack for thread: 0x00000205c1fcf800
RBP=0x00000085d0cff0c0 is pointing into the stack for thread: 0x00000205c1fcf800
RSI=0x00000205c1fcf9f8 is an unknown value
RDI=0x0000000000000514 is an unknown value
R8 =0x00000085d0cfee38 is pointing into the stack for thread: 0x00000205c1fcf800
R9 =0x00000085d0cfef30 is pointing into the stack for thread: 0x00000205c1fcf800
R10=0x0000000000000000 is an unknown value
R11=0x0000000000000246 is an unknown value
R12=0x00000085d0cff170 is pointing into the stack for thread: 0x00000205c1fcf800
R13=0x00000205c1fa8740 is an unknown value
R14=0x00000085d0cff070 is pointing into the stack for thread: 0x00000205c1fcf800
R15=0x00000205c1fcf800 is a thread


Stack: [0x00000085d0c00000,0x00000085d0d00000],  sp=0x00000085d0cfef40,  free space=1019k
Native frames: (J=compiled Java code, j=interpreted, Vv=VM code, C=native code)
C  [jSSC-2.8_x86_64.dll+0xb5db]
C  [jSSC-2.8_x86_64.dll+0x12590]
C  [jSSC-2.8_x86_64.dll+0x1595]
C  0x00000205c39a9f4e

Java frames: (J=compiled Java code, j=interpreted, Vv=VM code)
j  jssc.SerialNativeInterface.openPort(Ljava/lang/String;Z)J+0
j  jssc.SerialPort.openPort()Z+65
j  utilities.SerialCommBean.main([Ljava/lang/String;)V+16
v  ~StubRoutines::call_stub

---------------  P R O C E S S  ---------------

Java Threads: ( => current thread )
  0x00000205dcabd800 JavaThread "Service Thread" daemon [_thread_blocked, id=19440, stack(0x00000085d1e00000,0x00000085d1f00000)]
  0x00000205dca4d800 JavaThread "C1 CompilerThread3" daemon [_thread_blocked, id=14940, stack(0x00000085d1d00000,0x00000085d1e00000)]
  0x00000205dca49800 JavaThread "C2 CompilerThread2" daemon [_thread_blocked, id=9020, stack(0x00000085d1c00000,0x00000085d1d00000)]
  0x00000205dca48000 JavaThread "C2 CompilerThread1" daemon [_thread_blocked, id=12548, stack(0x00000085d1b00000,0x00000085d1c00000)]
  0x00000205dca44800 JavaThread "C2 CompilerThread0" daemon [_thread_blocked, id=5052, stack(0x00000085d1a00000,0x00000085d1b00000)]
  0x00000205dca3f800 JavaThread "Attach Listener" daemon [_thread_blocked, id=3528, stack(0x00000085d1900000,0x00000085d1a00000)]
  0x00000205dca3e800 JavaThread "Signal Dispatcher" daemon [_thread_blocked, id=13784, stack(0x00000085d1800000,0x00000085d1900000)]
  0x00000205dca1a000 JavaThread "Finalizer" daemon [_thread_blocked, id=1536, stack(0x00000085d1700000,0x00000085d1800000)]
  0x00000205dca11800 JavaThread "Reference Handler" daemon [_thread_blocked, id=19176, stack(0x00000085d1600000,0x00000085d1700000)]
=>0x00000205c1fcf800 JavaThread "main" [_thread_in_native, id=2364, stack(0x00000085d0c00000,0x00000085d0d00000)]

Other Threads:
  0x00000205dc9e9800 VMThread [stack: 0x00000085d1500000,0x00000085d1600000] [id=4760]
  0x00000205de906800 WatcherThread [stack: 0x00000085d1f00000,0x00000085d2000000] [id=16840]

VM state:not at safepoint (normal execution)

VM Mutex/Monitor currently owned by a thread: None

heap address: 0x00000006c5200000, size: 4014 MB, Compressed Oops mode: Zero based, Oop shift amount: 3
Narrow klass base: 0x0000000000000000, Narrow klass shift: 3
Compressed class space size: 1073741824 Address: 0x00000007c0000000

Heap:
 PSYoungGen      total 75264K, used 5161K [0x000000076c600000, 0x0000000771a00000, 0x00000007c0000000)
  eden space 64512K, 8% used [0x000000076c600000,0x000000076cb0a468,0x0000000770500000)
  from space 10752K, 0% used [0x0000000770f80000,0x0000000770f80000,0x0000000771a00000)
  to   space 10752K, 0% used [0x0000000770500000,0x0000000770500000,0x0000000770f80000)
 ParOldGen       total 172032K, used 0K [0x00000006c5200000, 0x00000006cfa00000, 0x000000076c600000)
  object space 172032K, 0% used [0x00000006c5200000,0x00000006c5200000,0x00000006cfa00000)
 Metaspace       used 3174K, capacity 4600K, committed 4864K, reserved 1056768K
  class space    used 334K, capacity 424K, committed 512K, reserved 1048576K

Card table byte_map: [0x00000205d2d50000,0x00000205d3530000] byte_map_base: 0x00000205cf727000

Marking Bits: (ParMarkBitMap*) 0x0000000067d67fe0
 Begin Bits: [0x00000205d3a70000, 0x00000205d7928000)
 End Bits:   [0x00000205d7928000, 0x00000205db7e0000)

Polling page: 0x00000205c20c0000

CodeCache: size=245760Kb used=1476Kb max_used=1476Kb free=244283Kb
 bounds [0x00000205c3990000, 0x00000205c3c00000, 0x00000205d2990000]
 total_blobs=398 nmethods=157 adapters=154
 compilation: enabled

Compilation events (10 events):
Event: 0.119 Thread 0x00000205dca4d800  145       3       java.lang.String::lastIndexOf (13 bytes)
Event: 0.119 Thread 0x00000205dca4d800 nmethod 145 0x00000205c3afe890 code [0x00000205c3afea00, 0x00000205c3afec30]
Event: 0.119 Thread 0x00000205dca4d800  153       3       sun.net.www.ParseUtil::encodePath (336 bytes)
Event: 0.120 Thread 0x00000205dca4d800 nmethod 153 0x00000205c3aff0d0 code [0x00000205c3aff340, 0x00000205c3b00360]
Event: 0.120 Thread 0x00000205dca4d800  154  s    3       java.lang.StringBuffer::append (13 bytes)
Event: 0.120 Thread 0x00000205dca4d800 nmethod 154 0x00000205c3b00b10 code [0x00000205c3b00c80, 0x00000205c3b00fb0]
Event: 0.120 Thread 0x00000205dca4d800  156   !   3       java.lang.ref.ReferenceQueue::poll (28 bytes)
Event: 0.120 Thread 0x00000205dca4d800 nmethod 156 0x00000205c3b01090 code [0x00000205c3b01200, 0x00000205c3b01590]
Event: 0.120 Thread 0x00000205dca4d800  157       1       java.net.URL::getPort (5 bytes)
Event: 0.121 Thread 0x00000205dca4d800 nmethod 157 0x00000205c3b01690 code [0x00000205c3b017e0, 0x00000205c3b018f8]

GC Heap History (0 events):
No events

Deoptimization events (0 events):
No events

Classes redefined (0 events):
No events

Internal exceptions (8 events):
Event: 0.024 Thread 0x00000205c1fcf800 Exception <a 'java/lang/NoSuchMethodError': Method sun.misc.Unsafe.defineClass(Ljava/lang/String;[BII)Ljava/lang/Class; name or signature does not match> (0x000000076c607cc0) thrown at [C:\jenkins\workspace\8-2-build-windows-amd64-cygwin\jdk8u271\605\hots
Event: 0.024 Thread 0x00000205c1fcf800 Exception <a 'java/lang/NoSuchMethodError': Method sun.misc.Unsafe.prefetchRead(Ljava/lang/Object;J)V name or signature does not match> (0x000000076c607fa8) thrown at [C:\jenkins\workspace\8-2-build-windows-amd64-cygwin\jdk8u271\605\hotspot\src\share\vm\p
Event: 0.087 Thread 0x00000205c1fcf800 Exception <a 'java/security/PrivilegedActionException'> (0x000000076c8a62a8) thrown at [C:\jenkins\workspace\8-2-build-windows-amd64-cygwin\jdk8u271\605\hotspot\src\share\vm\prims\jvm.cpp, line 1512]
Event: 0.087 Thread 0x00000205c1fcf800 Exception <a 'java/security/PrivilegedActionException'> (0x000000076c8a64b8) thrown at [C:\jenkins\workspace\8-2-build-windows-amd64-cygwin\jdk8u271\605\hotspot\src\share\vm\prims\jvm.cpp, line 1512]
Event: 0.087 Thread 0x00000205c1fcf800 Exception <a 'java/security/PrivilegedActionException'> (0x000000076c8a77a8) thrown at [C:\jenkins\workspace\8-2-build-windows-amd64-cygwin\jdk8u271\605\hotspot\src\share\vm\prims\jvm.cpp, line 1512]
Event: 0.087 Thread 0x00000205c1fcf800 Exception <a 'java/security/PrivilegedActionException'> (0x000000076c8a79b8) thrown at [C:\jenkins\workspace\8-2-build-windows-amd64-cygwin\jdk8u271\605\hotspot\src\share\vm\prims\jvm.cpp, line 1512]
Event: 0.087 Thread 0x00000205c1fcf800 Exception <a 'java/security/PrivilegedActionException'> (0x000000076c8a8ca8) thrown at [C:\jenkins\workspace\8-2-build-windows-amd64-cygwin\jdk8u271\605\hotspot\src\share\vm\prims\jvm.cpp, line 1512]
Event: 0.087 Thread 0x00000205c1fcf800 Exception <a 'java/security/PrivilegedActionException'> (0x000000076c8a8eb8) thrown at [C:\jenkins\workspace\8-2-build-windows-amd64-cygwin\jdk8u271\605\hotspot\src\share\vm\prims\jvm.cpp, line 1512]

Events (10 events):
Event: 0.119 loading class jssc/SerialPort$EventThread
Event: 0.119 loading class jssc/SerialPort$EventThread done
Event: 0.120 loading class jssc/SerialPort$LinuxEventThread
Event: 0.120 loading class jssc/SerialPort$LinuxEventThread done
Event: 0.120 loading class jssc/SerialPortTimeoutException
Event: 0.120 loading class jssc/SerialPortTimeoutException done
Event: 0.120 loading class java/lang/NoSuchMethodException
Event: 0.120 loading class java/lang/NoSuchMethodException done
Event: 0.120 loading class java/lang/SecurityException
Event: 0.120 loading class java/lang/SecurityException done


Dynamic libraries:
0x00007ff721930000 - 0x00007ff721977000 	C:\Program Files\Java\jdk1.8.0_271\bin\java.exe
0x00007ffa9e9d0000 - 0x00007ffa9ebc6000 	C:\Windows\SYSTEM32\ntdll.dll
0x00007ffa9df80000 - 0x00007ffa9e03d000 	C:\Windows\System32\KERNEL32.DLL
0x00007ffa9c580000 - 0x00007ffa9c849000 	C:\Windows\System32\KERNELBASE.dll
0x00007ffa9cb60000 - 0x00007ffa9cc0c000 	C:\Windows\System32\ADVAPI32.dll
0x00007ffa9e250000 - 0x00007ffa9e2ee000 	C:\Windows\System32\msvcrt.dll
0x00007ffa9de20000 - 0x00007ffa9debc000 	C:\Windows\System32\sechost.dll
0x00007ffa9d230000 - 0x00007ffa9d35b000 	C:\Windows\System32\RPCRT4.dll
0x00007ffa9db30000 - 0x00007ffa9dcd0000 	C:\Windows\System32\USER32.dll
0x00007ffa9c850000 - 0x00007ffa9c872000 	C:\Windows\System32\win32u.dll
0x00007ffa9dd90000 - 0x00007ffa9ddba000 	C:\Windows\System32\GDI32.dll
0x00007ffa9c310000 - 0x00007ffa9c419000 	C:\Windows\System32\gdi32full.dll
0x00007ffa9c110000 - 0x00007ffa9c1ad000 	C:\Windows\System32\msvcp_win.dll
0x00007ffa9c930000 - 0x00007ffa9ca30000 	C:\Windows\System32\ucrtbase.dll
0x00007ffa8cf40000 - 0x00007ffa8d1db000 	C:\Windows\WinSxS\amd64_microsoft.windows.common-controls_6595b64144ccf1df_6.0.19041.488_none_ca04af081b815d21\COMCTL32.dll
0x00007ffa9dee0000 - 0x00007ffa9df10000 	C:\Windows\System32\IMM32.DLL
0x00007ffa854c0000 - 0x00007ffa854d5000 	C:\Program Files\Java\jdk1.8.0_271\jre\bin\vcruntime140.dll
0x00007ffa607e0000 - 0x00007ffa6087b000 	C:\Program Files\Java\jdk1.8.0_271\jre\bin\msvcp140.dll
0x0000000067570000 - 0x0000000067ddf000 	C:\Program Files\Java\jdk1.8.0_271\jre\bin\server\jvm.dll
0x00007ffa9dab0000 - 0x00007ffa9dab8000 	C:\Windows\System32\PSAPI.DLL
0x00007ffa92990000 - 0x00007ffa9299a000 	C:\Windows\SYSTEM32\VERSION.dll
0x00007ffa7e430000 - 0x00007ffa7e439000 	C:\Windows\SYSTEM32\WSOCK32.dll
0x00007ffa73df0000 - 0x00007ffa73e17000 	C:\Windows\SYSTEM32\WINMM.dll
0x00007ffa9dac0000 - 0x00007ffa9db2b000 	C:\Windows\System32\WS2_32.dll
0x00007ffa9a9f0000 - 0x00007ffa9aa02000 	C:\Windows\SYSTEM32\kernel.appcore.dll
0x00007ffa8c680000 - 0x00007ffa8c690000 	C:\Program Files\Java\jdk1.8.0_271\jre\bin\verify.dll
0x00007ffa83fa0000 - 0x00007ffa83fcb000 	C:\Program Files\Java\jdk1.8.0_271\jre\bin\java.dll
0x00007ffa840b0000 - 0x00007ffa840c8000 	C:\Program Files\Java\jdk1.8.0_271\jre\bin\zip.dll
0x00007ffa9d360000 - 0x00007ffa9daa2000 	C:\Windows\System32\SHELL32.dll
0x00007ffa9a0d0000 - 0x00007ffa9a865000 	C:\Windows\SYSTEM32\windows.storage.dll
0x00007ffa9ced0000 - 0x00007ffa9d226000 	C:\Windows\System32\combase.dll
0x00007ffa9bb80000 - 0x00007ffa9bbac000 	C:\Windows\SYSTEM32\Wldp.dll
0x00007ffa9dcd0000 - 0x00007ffa9dd7e000 	C:\Windows\System32\SHCORE.dll
0x00007ffa9e1f0000 - 0x00007ffa9e245000 	C:\Windows\System32\shlwapi.dll
0x00007ffa9c040000 - 0x00007ffa9c066000 	C:\Windows\SYSTEM32\profapi.dll
0x0000000071100000 - 0x0000000071125000 	C:\Users\Wence\.jssc\windows\jSSC-2.8_x86_64.dll
0x00007ffa99ee0000 - 0x00007ffa9a0c4000 	C:\Windows\SYSTEM32\dbghelp.dll
0x00007ffa9c880000 - 0x00007ffa9c900000 	C:\Windows\System32\bcryptPrimitives.dll

VM Arguments:
jvm_args: -Dfile.encoding=UTF-8 -Xbootclasspath/p:C:\Program Files\NetBeans 8.0.2\enterprise\modules\ext\javaee6-endorsed\javax.annotation.jar;C:\Program Files\NetBeans 8.0.2\enterprise\modules\ext\javaee6-endorsed\jaxb-api-osgi.jar;C:\Program Files\NetBeans 8.0.2\enterprise\modules\ext\javaee6-endorsed\webservices-api-osgi.jar 
java_command: utilities.SerialCommBean
java_class_path (initial): D:\WENCE.BENDA\MY.PROJECT\WD\SalesManagerProject\SM\build\web\WEB-INF\classes;C:\Program Files\NetBeans 8.0.2\enterprise\modules\ext\jsf-2_2\javax.faces.jar;D:\WENCE.BENDA\MY.PROJECT\WD\SalesManagerProject\SM\lib\all-themes-1.0.9.jar;D:\WENCE.BENDA\MY.PROJECT\WD\SalesManagerProject\SM\lib\commons-lang3-3.3.2.jar;D:\WENCE.BENDA\MY.PROJECT\WD\SalesManagerProject\SM\lib\dom4j-1.6.1.jar;D:\WENCE.BENDA\MY.PROJECT\WD\SalesManagerProject\SM\lib\itext-2.0.7.jar;D:\WENCE.BENDA\MY.PROJECT\WD\SalesManagerProject\SM\lib\itextpdf-5.1.0.jar;D:\WENCE.BENDA\MY.PROJECT\WD\SalesManagerProject\SM\lib\javax.annotation.jar;D:\WENCE.BENDA\MY.PROJECT\WD\SalesManagerProject\SM\lib\javax.faces.jar;D:\WENCE.BENDA\MY.PROJECT\WD\SalesManagerProject\SM\lib\mysql-connector-java-5.1.7-bin.jar;D:\WENCE.BENDA\MY.PROJECT\WD\SalesManagerProject\SM\lib\poi-3.10-FINAL-20140208.jar;D:\WENCE.BENDA\MY.PROJECT\WD\SalesManagerProject\SM\lib\poi-examples-3.10-FINAL-20140208.jar;D:\WENCE.BENDA\MY.PROJECT\WD\SalesManagerProject\SM\lib\poi-excelant-3.10-FINAL-20140208.jar;D:\WENCE.BENDA\MY.PROJECT\WD\SalesManagerProject\SM\lib\poi-ooxml-3.10-FINAL-20140208.jar;D:\WENCE.BENDA\MY.PROJECT\WD\SalesManagerProject\SM\lib\poi-ooxml-schemas-3.10-FINAL-20140208.jar;D:\WENCE.BENDA\MY.PROJECT\WD\SalesManagerProject\SM\lib\poi-scratchpad-3.10-FINAL-20140208.jar;D:\WENCE.BENDA\MY.PROJECT\WD\SalesManagerProject\SM\lib\xmlbeans-2.3.0.jar;D:\WENCE.BENDA\MY.PROJECT\WD\SalesManagerProject\SM\lib\jstl.jar;D:\WENCE.BENDA\MY.PROJECT\WD\SalesManagerProject\SM\lib\joda-time-2.0.jar;D:\WENCE.BENDA\MY.PROJECT\WD\SalesManagerProject\SM\lib\commons-math3-3.0.jar;D:\WENCE.BENDA\MY.PROJECT\WD\SalesManagerProject\SM\lib\stax-api-1.0.1.jar;C:\Program Files\NetBeans 8.0.2\enterprise\modules\ext\jersey2\ext\asm-all-repackaged-2.2.0-b21.jar;C:\Program Files\NetBeans 8.0.2\enterprise\modules\ext\jersey2\ext\cglib-2.2.0-b21.jar;C:\Program Files\NetBeans 8.0.2\enterprise\modules\ext\jersey2\ext\guava-14.0.1.jar;C:\Prog
Launcher Type: SUN_STANDARD

Environment Variables:
JAVA_HOME=C:\Program Files\Java\jdk1.8.0_271\
JRE_HOME=C:\Program Files\Java\jre1.8.0_271\
PATH=C:\Program Files (x86)\Common Files\Oracle\Java\javapath;C:\Windows\system32;C:\Windows;C:\Windows\System32\Wbem;C:\Windows\System32\WindowsPowerShell\v1.0\;C:\Windows\System32\OpenSSH\;C:\Program Files\Java\jdk1.8.0_271\\bin;C:\Program Files\Java\jre1.8.0_271\\bin;C:\Program Files\PuTTY\;C:\Users\Wence\AppData\Local\Microsoft\WindowsApps;
USERNAME=Wence
OS=Windows_NT
PROCESSOR_IDENTIFIER=Intel64 Family 6 Model 142 Stepping 12, GenuineIntel



---------------  S Y S T E M  ---------------

OS: Windows 10.0 , 64 bit Build 19041 (10.0.19041.662)

CPU:total 8 (initial active 8) (4 cores per cpu, 2 threads per core) family 6 model 142 stepping 12, cmov, cx8, fxsr, mmx, sse, sse2, sse3, ssse3, sse4.1, sse4.2, popcnt, avx, avx2, aes, clmul, erms, 3dnowpref, lzcnt, ht, tsc, tscinvbit, bmi1, bmi2, adx

Memory: 4k page, physical 16433780k(8306684k free), swap 18924148k(4428164k free)

vm_info: Java HotSpot(TM) 64-Bit Server VM (25.271-b09) for windows-amd64 JRE (1.8.0_271-b09), built on Sep 16 2020 19:14:59 by "" with MS VC++ 15.9 (VS2017)

time: Thu Feb 25 17:14:52 2021
timezone: E. Africa Standard Time
elapsed time: 0.159356 seconds (0d 0h 0m 0s)

