#
# A fatal error has been detected by the Java Runtime Environment:
#
#  EXCEPTION_ACCESS_VIOLATION (0xc0000005) at pc=0x000000007110b5db, pid=17980, tid=0x0000000000003da4
#
# JRE version: Java(TM) SE Runtime Environment (8.0_271-b09) (build 1.8.0_271-b09)
# Java VM: Java HotSpot(TM) 64-Bit Server VM (25.271-b09 mixed mode windows-amd64 compressed oops)
# Problematic frame:
# C  [jSSC-2.8_x86_64.dll+0xb5db]
#
# Failed to write core dump. Minidumps are not enabled by default on client versions of Windows
#
# If you would like to submit a bug report, please visit:
#   http://bugreport.java.com/bugreport/crash.jsp
# The crash happened outside the Java Virtual Machine in native code.
# See problematic frame for where to report the bug.
#

---------------  T H R E A D  ---------------

Current thread (0x000001c0ed4fe800):  JavaThread "main" [_thread_in_native, id=15780, stack(0x0000002df9f00000,0x0000002dfa000000)]

siginfo: ExceptionCode=0xc0000005, reading address 0xffffffffed35aff0

Registers:
RAX=0xffffffffed35aff0, RBX=0x0000002df9ffef30, RCX=0x00007ffa9ea6c194, RDX=0x0000000000000000
RSP=0x0000002df9ffeec0, RBP=0x0000002df9fff040, RSI=0x000001c0ed4fe9f8, RDI=0x0000000000000520
R8 =0x0000002df9ffedb8, R9 =0x0000002df9ffeeb0, R10=0x0000000000000000, R11=0x0000000000000246
R12=0x0000002df9fff0f8, R13=0x000001c089e567d0, R14=0x0000002df9ffeff0, R15=0x000001c0ed4fe800
RIP=0x000000007110b5db, EFLAGS=0x0000000000010202

Top of Stack: (sp=0x0000002df9ffeec0)
0x0000002df9ffeec0:   000001c08a40d3c0 000001c089e56690
0x0000002df9ffeed0:   000000007110b230 000001c0ed4c0000
0x0000002df9ffeee0:   000001c0ed480000 0000000000000004
0x0000002df9ffeef0:   000001c0ed4fe9f8 0000000000000520
0x0000002df9ffef00:   0000002df9fff040 0000000071112590
0x0000002df9ffef10:   000001c0ed4fe800 0000002df9ffeff0
0x0000002df9ffef20:   000001c089e567d0 0000002df9fff0f8
0x0000002df9ffef30:   000001c089e567d0 00007ffa9e9e5d21
0x0000002df9ffef40:   0000000200000056 000001c0ed4c0000
0x0000002df9ffef50:   0000002df9fff040 0000000000000000
0x0000002df9ffef60:   0000000071113500 0000000071113be8
0x0000002df9ffef70:   0000002df9ffefa0 0000000071112641
0x0000002df9ffef80:   0000002df9ffef10 000001c0ed4fe9f8
0x0000002df9ffef90:   0000000000000000 0000000000000000
0x0000002df9ffefa0:   0000002df9fff040 0000000071101595
0x0000002df9ffefb0:   000000000000001c 000001c000000000 

Instructions: (pc=0x000000007110b5db)
0x000000007110b5bb:   c5 0f 1f 40 00 55 57 56 53 48 83 ec 28 48 8b 05
0x000000007110b5cb:   39 33 01 00 48 89 cb 48 85 c0 0f 84 c5 00 00 00
0x000000007110b5db:   8b 38 85 ff 0f 88 ab 00 00 00 48 8b 05 1c 33 01
0x000000007110b5eb:   00 48 85 c0 0f 84 bc 00 00 00 8b 30 85 f6 74 57 


Register to memory mapping:

RAX=0xffffffffed35aff0 is an unknown value
RBX=0x0000002df9ffef30 is pointing into the stack for thread: 0x000001c0ed4fe800
RCX=0x00007ffa9ea6c194 is an unknown value
RDX=0x0000000000000000 is an unknown value
RSP=0x0000002df9ffeec0 is pointing into the stack for thread: 0x000001c0ed4fe800
RBP=0x0000002df9fff040 is pointing into the stack for thread: 0x000001c0ed4fe800
RSI=0x000001c0ed4fe9f8 is an unknown value
RDI=0x0000000000000520 is an unknown value
R8 =0x0000002df9ffedb8 is pointing into the stack for thread: 0x000001c0ed4fe800
R9 =0x0000002df9ffeeb0 is pointing into the stack for thread: 0x000001c0ed4fe800
R10=0x0000000000000000 is an unknown value
R11=0x0000000000000246 is an unknown value
R12=0x0000002df9fff0f8 is pointing into the stack for thread: 0x000001c0ed4fe800
R13=0x000001c089e567d0 is an unknown value
R14=0x0000002df9ffeff0 is pointing into the stack for thread: 0x000001c0ed4fe800
R15=0x000001c0ed4fe800 is a thread


Stack: [0x0000002df9f00000,0x0000002dfa000000],  sp=0x0000002df9ffeec0,  free space=1019k
Native frames: (J=compiled Java code, j=interpreted, Vv=VM code, C=native code)
C  [jSSC-2.8_x86_64.dll+0xb5db]
C  [jSSC-2.8_x86_64.dll+0x12590]
C  [jSSC-2.8_x86_64.dll+0x1595]
C  0x000001c0eee49f4e

Java frames: (J=compiled Java code, j=interpreted, Vv=VM code)
j  jssc.SerialNativeInterface.openPort(Ljava/lang/String;Z)J+0
j  jssc.SerialPort.openPort()Z+65
j  utilities.ComPortSendReceive.main([Ljava/lang/String;)V+110
v  ~StubRoutines::call_stub

---------------  P R O C E S S  ---------------

Java Threads: ( => current thread )
  0x000001c08803e800 JavaThread "Service Thread" daemon [_thread_blocked, id=12128, stack(0x0000002dfb100000,0x0000002dfb200000)]
  0x000001c088005000 JavaThread "C1 CompilerThread3" daemon [_thread_blocked, id=16484, stack(0x0000002dfb000000,0x0000002dfb100000)]
  0x000001c087ffc800 JavaThread "C2 CompilerThread2" daemon [_thread_blocked, id=12844, stack(0x0000002dfaf00000,0x0000002dfb000000)]
  0x000001c087ff7000 JavaThread "C2 CompilerThread1" daemon [_thread_blocked, id=18492, stack(0x0000002dfae00000,0x0000002dfaf00000)]
  0x000001c087ff3800 JavaThread "C2 CompilerThread0" daemon [_thread_blocked, id=17528, stack(0x0000002dfad00000,0x0000002dfae00000)]
  0x000001c087ff1000 JavaThread "Attach Listener" daemon [_thread_blocked, id=3840, stack(0x0000002dfac00000,0x0000002dfad00000)]
  0x000001c087fef000 JavaThread "Signal Dispatcher" daemon [_thread_blocked, id=5704, stack(0x0000002dfab00000,0x0000002dfac00000)]
  0x000001c087fcb800 JavaThread "Finalizer" daemon [_thread_blocked, id=20420, stack(0x0000002dfaa00000,0x0000002dfab00000)]
  0x000001c087fc4000 JavaThread "Reference Handler" daemon [_thread_blocked, id=8644, stack(0x0000002dfa900000,0x0000002dfaa00000)]
=>0x000001c0ed4fe800 JavaThread "main" [_thread_in_native, id=15780, stack(0x0000002df9f00000,0x0000002dfa000000)]

Other Threads:
  0x000001c087f9a800 VMThread [stack: 0x0000002dfa800000,0x0000002dfa900000] [id=19128]
  0x000001c088040800 WatcherThread [stack: 0x0000002dfb200000,0x0000002dfb300000] [id=15120]

VM state:not at safepoint (normal execution)

VM Mutex/Monitor currently owned by a thread: None

heap address: 0x00000006c5200000, size: 4014 MB, Compressed Oops mode: Zero based, Oop shift amount: 3
Narrow klass base: 0x0000000000000000, Narrow klass shift: 3
Compressed class space size: 1073741824 Address: 0x00000007c0000000

Heap:
 PSYoungGen      total 75264K, used 5161K [0x000000076c600000, 0x0000000771a00000, 0x00000007c0000000)
  eden space 64512K, 8% used [0x000000076c600000,0x000000076cb0a4f8,0x0000000770500000)
  from space 10752K, 0% used [0x0000000770f80000,0x0000000770f80000,0x0000000771a00000)
  to   space 10752K, 0% used [0x0000000770500000,0x0000000770500000,0x0000000770f80000)
 ParOldGen       total 172032K, used 0K [0x00000006c5200000, 0x00000006cfa00000, 0x000000076c600000)
  object space 172032K, 0% used [0x00000006c5200000,0x00000006c5200000,0x00000006cfa00000)
 Metaspace       used 3736K, capacity 4640K, committed 4864K, reserved 1056768K
  class space    used 414K, capacity 464K, committed 512K, reserved 1048576K

Card table byte_map: [0x000001c0fe1f0000,0x000001c0fe9d0000] byte_map_base: 0x000001c0fabc7000

Marking Bits: (ParMarkBitMap*) 0x0000000067d67fe0
 Begin Bits: [0x000001c080000000, 0x000001c083eb8000)
 End Bits:   [0x000001c083eb8000, 0x000001c087d70000)

Polling page: 0x000001c0eee00000

CodeCache: size=245760Kb used=1569Kb max_used=1569Kb free=244190Kb
 bounds [0x000001c0eee30000, 0x000001c0ef0a0000, 0x000001c0fde30000]
 total_blobs=433 nmethods=183 adapters=163
 compilation: enabled

Compilation events (10 events):
Event: 8.643 Thread 0x000001c088005000  177   !   3       sun.misc.URLClassPath$JarLoader::getResource (85 bytes)
Event: 8.644 Thread 0x000001c088005000 nmethod 177 0x000001c0eefb5b50 code [0x000001c0eefb5da0, 0x000001c0eefb6990]
Event: 8.644 Thread 0x000001c088005000  178       1       java.net.URL::getPort (5 bytes)
Event: 8.644 Thread 0x000001c088005000 nmethod 178 0x000001c0eefb7090 code [0x000001c0eefb71e0, 0x000001c0eefb72f8]
Event: 8.645 Thread 0x000001c088005000  180       3       java.lang.Character::toUpperCase (6 bytes)
Event: 8.646 Thread 0x000001c088005000 nmethod 180 0x000001c0eefb7790 code [0x000001c0eefb7900, 0x000001c0eefb7ba0]
Event: 8.646 Thread 0x000001c088005000  181       3       java.lang.Character::toUpperCase (9 bytes)
Event: 8.646 Thread 0x000001c088005000 nmethod 181 0x000001c0eefb7cd0 code [0x000001c0eefb7e40, 0x000001c0eefb8080]
Event: 8.648 Thread 0x000001c088005000  183       3       java.lang.String::equalsIgnoreCase (48 bytes)
Event: 8.648 Thread 0x000001c088005000 nmethod 183 0x000001c0eefb8510 code [0x000001c0eefb8680, 0x000001c0eefb89f0]

GC Heap History (0 events):
No events

Deoptimization events (0 events):
No events

Classes redefined (0 events):
No events

Internal exceptions (10 events):
Event: 0.105 Thread 0x000001c0ed4fe800 Exception <a 'java/security/PrivilegedActionException'> (0x000000076c8a85b0) thrown at [C:\jenkins\workspace\8-2-build-windows-amd64-cygwin\jdk8u271\605\hotspot\src\share\vm\prims\jvm.cpp, line 1512]
Event: 0.105 Thread 0x000001c0ed4fe800 Exception <a 'java/security/PrivilegedActionException'> (0x000000076c8a87c0) thrown at [C:\jenkins\workspace\8-2-build-windows-amd64-cygwin\jdk8u271\605\hotspot\src\share\vm\prims\jvm.cpp, line 1512]
Event: 0.105 Thread 0x000001c0ed4fe800 Exception <a 'java/security/PrivilegedActionException'> (0x000000076c8a9ab0) thrown at [C:\jenkins\workspace\8-2-build-windows-amd64-cygwin\jdk8u271\605\hotspot\src\share\vm\prims\jvm.cpp, line 1512]
Event: 0.105 Thread 0x000001c0ed4fe800 Exception <a 'java/security/PrivilegedActionException'> (0x000000076c8a9cc0) thrown at [C:\jenkins\workspace\8-2-build-windows-amd64-cygwin\jdk8u271\605\hotspot\src\share\vm\prims\jvm.cpp, line 1512]
Event: 0.161 Thread 0x000001c0ed4fe800 Exception <a 'java/security/PrivilegedActionException'> (0x000000076ca2a6f0) thrown at [C:\jenkins\workspace\8-2-build-windows-amd64-cygwin\jdk8u271\605\hotspot\src\share\vm\prims\jvm.cpp, line 1512]
Event: 0.161 Thread 0x000001c0ed4fe800 Exception <a 'java/security/PrivilegedActionException'> (0x000000076ca2aae8) thrown at [C:\jenkins\workspace\8-2-build-windows-amd64-cygwin\jdk8u271\605\hotspot\src\share\vm\prims\jvm.cpp, line 1512]
Event: 0.162 Thread 0x000001c0ed4fe800 Exception <a 'java/security/PrivilegedActionException'> (0x000000076ca2d7e0) thrown at [C:\jenkins\workspace\8-2-build-windows-amd64-cygwin\jdk8u271\605\hotspot\src\share\vm\prims\jvm.cpp, line 1512]
Event: 0.162 Thread 0x000001c0ed4fe800 Exception <a 'java/security/PrivilegedActionException'> (0x000000076ca2dbd8) thrown at [C:\jenkins\workspace\8-2-build-windows-amd64-cygwin\jdk8u271\605\hotspot\src\share\vm\prims\jvm.cpp, line 1512]
Event: 0.162 Thread 0x000001c0ed4fe800 Exception <a 'java/security/PrivilegedActionException'> (0x000000076ca31cd0) thrown at [C:\jenkins\workspace\8-2-build-windows-amd64-cygwin\jdk8u271\605\hotspot\src\share\vm\prims\jvm.cpp, line 1512]
Event: 0.163 Thread 0x000001c0ed4fe800 Exception <a 'java/security/PrivilegedActionException'> (0x000000076ca320c8) thrown at [C:\jenkins\workspace\8-2-build-windows-amd64-cygwin\jdk8u271\605\hotspot\src\share\vm\prims\jvm.cpp, line 1512]

Events (10 events):
Event: 8.645 loading class jssc/SerialPort$EventThread
Event: 8.645 loading class jssc/SerialPort$EventThread done
Event: 8.645 loading class jssc/SerialPort$LinuxEventThread
Event: 8.645 loading class jssc/SerialPort$LinuxEventThread done
Event: 8.646 loading class jssc/SerialPortTimeoutException
Event: 8.646 loading class jssc/SerialPortTimeoutException done
Event: 8.648 loading class java/lang/NoSuchMethodException
Event: 8.648 loading class java/lang/NoSuchMethodException done
Event: 8.648 loading class java/lang/SecurityException
Event: 8.648 loading class java/lang/SecurityException done


Dynamic libraries:
0x00007ff721930000 - 0x00007ff721977000 	C:\Program Files\Java\jdk1.8.0_271\bin\java.exe
0x00007ffa9e9d0000 - 0x00007ffa9ebc6000 	C:\Windows\SYSTEM32\ntdll.dll
0x00007ffa9df80000 - 0x00007ffa9e03d000 	C:\Windows\System32\KERNEL32.DLL
0x00007ffa9c580000 - 0x00007ffa9c849000 	C:\Windows\System32\KERNELBASE.dll
0x00007ffa9cb60000 - 0x00007ffa9cc0c000 	C:\Windows\System32\ADVAPI32.dll
0x00007ffa9e250000 - 0x00007ffa9e2ee000 	C:\Windows\System32\msvcrt.dll
0x00007ffa9de20000 - 0x00007ffa9debc000 	C:\Windows\System32\sechost.dll
0x00007ffa9d230000 - 0x00007ffa9d35b000 	C:\Windows\System32\RPCRT4.dll
0x00007ffa9db30000 - 0x00007ffa9dcd0000 	C:\Windows\System32\USER32.dll
0x00007ffa9c850000 - 0x00007ffa9c872000 	C:\Windows\System32\win32u.dll
0x00007ffa9dd90000 - 0x00007ffa9ddba000 	C:\Windows\System32\GDI32.dll
0x00007ffa9c310000 - 0x00007ffa9c419000 	C:\Windows\System32\gdi32full.dll
0x00007ffa9c110000 - 0x00007ffa9c1ad000 	C:\Windows\System32\msvcp_win.dll
0x00007ffa9c930000 - 0x00007ffa9ca30000 	C:\Windows\System32\ucrtbase.dll
0x00007ffa8cf40000 - 0x00007ffa8d1db000 	C:\Windows\WinSxS\amd64_microsoft.windows.common-controls_6595b64144ccf1df_6.0.19041.488_none_ca04af081b815d21\COMCTL32.dll
0x00007ffa9dee0000 - 0x00007ffa9df10000 	C:\Windows\System32\IMM32.DLL
0x00007ffa8bd10000 - 0x00007ffa8bd25000 	C:\Program Files\Java\jdk1.8.0_271\jre\bin\vcruntime140.dll
0x00007ffa608c0000 - 0x00007ffa6095b000 	C:\Program Files\Java\jdk1.8.0_271\jre\bin\msvcp140.dll
0x0000000067570000 - 0x0000000067ddf000 	C:\Program Files\Java\jdk1.8.0_271\jre\bin\server\jvm.dll
0x00007ffa9dab0000 - 0x00007ffa9dab8000 	C:\Windows\System32\PSAPI.DLL
0x00007ffa7e430000 - 0x00007ffa7e439000 	C:\Windows\SYSTEM32\WSOCK32.dll
0x00007ffa73df0000 - 0x00007ffa73e17000 	C:\Windows\SYSTEM32\WINMM.dll
0x00007ffa92990000 - 0x00007ffa9299a000 	C:\Windows\SYSTEM32\VERSION.dll
0x00007ffa9dac0000 - 0x00007ffa9db2b000 	C:\Windows\System32\WS2_32.dll
0x00007ffa9a9f0000 - 0x00007ffa9aa02000 	C:\Windows\SYSTEM32\kernel.appcore.dll
0x00007ffa8c3c0000 - 0x00007ffa8c3d0000 	C:\Program Files\Java\jdk1.8.0_271\jre\bin\verify.dll
0x00007ffa83d30000 - 0x00007ffa83d5b000 	C:\Program Files\Java\jdk1.8.0_271\jre\bin\java.dll
0x00007ffa85470000 - 0x00007ffa85488000 	C:\Program Files\Java\jdk1.8.0_271\jre\bin\zip.dll
0x00007ffa9d360000 - 0x00007ffa9daa2000 	C:\Windows\System32\SHELL32.dll
0x00007ffa9a0d0000 - 0x00007ffa9a865000 	C:\Windows\SYSTEM32\windows.storage.dll
0x00007ffa9ced0000 - 0x00007ffa9d226000 	C:\Windows\System32\combase.dll
0x00007ffa9bb80000 - 0x00007ffa9bbac000 	C:\Windows\SYSTEM32\Wldp.dll
0x00007ffa9dcd0000 - 0x00007ffa9dd7e000 	C:\Windows\System32\SHCORE.dll
0x00007ffa9e1f0000 - 0x00007ffa9e245000 	C:\Windows\System32\shlwapi.dll
0x00007ffa9c040000 - 0x00007ffa9c066000 	C:\Windows\SYSTEM32\profapi.dll
0x0000000071100000 - 0x0000000071125000 	C:\Users\Wence\.jssc\windows\jSSC-2.8_x86_64.dll
0x00007ffa99ee0000 - 0x00007ffa9a0c4000 	C:\Windows\SYSTEM32\dbghelp.dll
0x00007ffa9c880000 - 0x00007ffa9c900000 	C:\Windows\System32\bcryptPrimitives.dll

VM Arguments:
jvm_args: -Dfile.encoding=UTF-8 -Xbootclasspath/p:C:\Program Files\NetBeans 8.0.2\enterprise\modules\ext\javaee6-endorsed\javax.annotation.jar;C:\Program Files\NetBeans 8.0.2\enterprise\modules\ext\javaee6-endorsed\jaxb-api-osgi.jar;C:\Program Files\NetBeans 8.0.2\enterprise\modules\ext\javaee6-endorsed\webservices-api-osgi.jar 
java_command: utilities.ComPortSendReceive
java_class_path (initial): D:\WENCE.BENDA\MY.PROJECT\WD\SalesManagerProject\SM\build\web\WEB-INF\classes;C:\Program Files\NetBeans 8.0.2\enterprise\modules\ext\jsf-2_2\javax.faces.jar;D:\WENCE.BENDA\MY.PROJECT\WD\SalesManagerProject\SM\lib\all-themes-1.0.9.jar;D:\WENCE.BENDA\MY.PROJECT\WD\SalesManagerProject\SM\lib\commons-lang3-3.3.2.jar;D:\WENCE.BENDA\MY.PROJECT\WD\SalesManagerProject\SM\lib\dom4j-1.6.1.jar;D:\WENCE.BENDA\MY.PROJECT\WD\SalesManagerProject\SM\lib\itext-2.0.7.jar;D:\WENCE.BENDA\MY.PROJECT\WD\SalesManagerProject\SM\lib\itextpdf-5.1.0.jar;D:\WENCE.BENDA\MY.PROJECT\WD\SalesManagerProject\SM\lib\javax.annotation.jar;D:\WENCE.BENDA\MY.PROJECT\WD\SalesManagerProject\SM\lib\javax.faces.jar;D:\WENCE.BENDA\MY.PROJECT\WD\SalesManagerProject\SM\lib\mysql-connector-java-5.1.7-bin.jar;D:\WENCE.BENDA\MY.PROJECT\WD\SalesManagerProject\SM\lib\poi-3.10-FINAL-20140208.jar;D:\WENCE.BENDA\MY.PROJECT\WD\SalesManagerProject\SM\lib\poi-examples-3.10-FINAL-20140208.jar;D:\WENCE.BENDA\MY.PROJECT\WD\SalesManagerProject\SM\lib\poi-excelant-3.10-FINAL-20140208.jar;D:\WENCE.BENDA\MY.PROJECT\WD\SalesManagerProject\SM\lib\poi-ooxml-3.10-FINAL-20140208.jar;D:\WENCE.BENDA\MY.PROJECT\WD\SalesManagerProject\SM\lib\poi-ooxml-schemas-3.10-FINAL-20140208.jar;D:\WENCE.BENDA\MY.PROJECT\WD\SalesManagerProject\SM\lib\poi-scratchpad-3.10-FINAL-20140208.jar;D:\WENCE.BENDA\MY.PROJECT\WD\SalesManagerProject\SM\lib\xmlbeans-2.3.0.jar;D:\WENCE.BENDA\MY.PROJECT\WD\SalesManagerProject\SM\lib\jstl.jar;D:\WENCE.BENDA\MY.PROJECT\WD\SalesManagerProject\SM\lib\joda-time-2.0.jar;D:\WENCE.BENDA\MY.PROJECT\WD\SalesManagerProject\SM\lib\commons-math3-3.0.jar;D:\WENCE.BENDA\MY.PROJECT\WD\SalesManagerProject\SM\lib\stax-api-1.0.1.jar;C:\Program Files\NetBeans 8.0.2\enterprise\modules\ext\jersey2\ext\asm-all-repackaged-2.2.0-b21.jar;C:\Program Files\NetBeans 8.0.2\enterprise\modules\ext\jersey2\ext\cglib-2.2.0-b21.jar;C:\Program Files\NetBeans 8.0.2\enterprise\modules\ext\jersey2\ext\guava-14.0.1.jar;C:\Prog
Launcher Type: SUN_STANDARD

Environment Variables:
JAVA_HOME=C:\Program Files\Java\jdk1.8.0_271\
JRE_HOME=C:\Program Files\Java\jre1.8.0_271\
PATH=C:\Program Files (x86)\Common Files\Oracle\Java\javapath;C:\Windows\system32;C:\Windows;C:\Windows\System32\Wbem;C:\Windows\System32\WindowsPowerShell\v1.0\;C:\Windows\System32\OpenSSH\;C:\Program Files\Java\jdk1.8.0_271\\bin;C:\Program Files\Java\jre1.8.0_271\\bin;C:\Program Files\PuTTY\;C:\Users\Wence\AppData\Local\Microsoft\WindowsApps;
USERNAME=Wence
OS=Windows_NT
PROCESSOR_IDENTIFIER=Intel64 Family 6 Model 142 Stepping 12, GenuineIntel



---------------  S Y S T E M  ---------------

OS: Windows 10.0 , 64 bit Build 19041 (10.0.19041.662)

CPU:total 8 (initial active 8) (4 cores per cpu, 2 threads per core) family 6 model 142 stepping 12, cmov, cx8, fxsr, mmx, sse, sse2, sse3, ssse3, sse4.1, sse4.2, popcnt, avx, avx2, aes, clmul, erms, 3dnowpref, lzcnt, ht, tsc, tscinvbit, bmi1, bmi2, adx

Memory: 4k page, physical 16433780k(8745044k free), swap 18924148k(5049616k free)

vm_info: Java HotSpot(TM) 64-Bit Server VM (25.271-b09) for windows-amd64 JRE (1.8.0_271-b09), built on Sep 16 2020 19:14:59 by "" with MS VC++ 15.9 (VS2017)

time: Thu Feb 25 18:12:02 2021
timezone: E. Africa Standard Time
elapsed time: 8.720598 seconds (0d 0h 0m 8s)

